<?xml version="1.0" encoding="UTF-8"?>
<testng-results skipped="0" failed="0" ignored="0" total="3" passed="3">
  <reporter-output>
  </reporter-output>
  <suite name="Default suite" duration-ms="1646" started-at="2019-05-18T02:29:21Z" finished-at="2019-05-18T02:29:22Z">
    <groups>
    </groups>
    <test name="Default test" duration-ms="1646" started-at="2019-05-18T02:29:21Z" finished-at="2019-05-18T02:29:22Z">
      <class name="oops.TestMap">
        <test-method status="PASS" signature="test(java.util.Map)[pri:0, instance:oops.TestMap@4501b7af]" name="test" duration-ms="36" started-at="2019-05-18T02:29:22Z" data-provider="data" finished-at="2019-05-18T02:29:22Z">
          <params>
            <param index="0">
              <value>
                <![CDATA[{Phone Number=7832782323, User Name=Parthiban, DOB=34457}]]>
              </value>
            </param>
          </params>
          <reporter-output>
          </reporter-output>
        </test-method> <!-- test -->
        <test-method status="PASS" signature="test(java.util.Map)[pri:0, instance:oops.TestMap@4501b7af]" name="test" duration-ms="6" started-at="2019-05-18T02:29:22Z" data-provider="data" finished-at="2019-05-18T02:29:22Z">
          <params>
            <param index="0">
              <value>
                <![CDATA[{Phone Number=9862732323, User Name=Sarathi, DOB=34517}]]>
              </value>
            </param>
          </params>
          <reporter-output>
          </reporter-output>
        </test-method> <!-- test -->
        <test-method status="PASS" signature="test(java.util.Map)[pri:0, instance:oops.TestMap@4501b7af]" name="test" duration-ms="5" started-at="2019-05-18T02:29:22Z" data-provider="data" finished-at="2019-05-18T02:29:22Z">
          <params>
            <param index="0">
              <value>
                <![CDATA[{Phone Number=9023903323, User Name=Vinoth, DOB=34131}]]>
              </value>
            </param>
          </params>
          <reporter-output>
          </reporter-output>
        </test-method> <!-- test -->
      </class> <!-- oops.TestMap -->
    </test> <!-- Default test -->
  </suite> <!-- Default suite -->
</testng-results>
